{
  "RSpec": {
    "coverage": {
      "/home/adam/Documents/projects/BinarApplication/app/models/user.rb": [
        1,
        null,
        null,
        1,
        null,
        1,
        1,
        null
      ],
      "/home/adam/Documents/projects/BinarApplication/app/models/application_record.rb": [
        1,
        1,
        null
      ],
      "/home/adam/Documents/projects/BinarApplication/app/helpers/application_helper.rb": [
        1,
        null
      ],
      "/home/adam/Documents/projects/BinarApplication/app/helpers/navbar_helper.rb": [
        1,
        null
      ],
      "/home/adam/Documents/projects/BinarApplication/app/helpers/notifications_helper.rb": [
        1,
        null
      ],
      "/home/adam/Documents/projects/BinarApplication/app/helpers/user_helper.rb": [
        1,
        null
      ],
      "/home/adam/Documents/projects/BinarApplication/app/controllers/messages_controller.rb": [
        1,
        1,
        1,
        null,
        1,
        0,
        0,
        null,
        null,
        1,
        0,
        null,
        0,
        0,
        null,
        null,
        null,
        1,
        null,
        1,
        0,
        null,
        null,
        1,
        0,
        null,
        null
      ],
      "/home/adam/Documents/projects/BinarApplication/app/controllers/application_controller.rb": [
        1,
        null
      ],
      "/home/adam/Documents/projects/BinarApplication/app/controllers/post_events_controller.rb": [
        1,
        1,
        1,
        null,
        null,
        1,
        3,
        null,
        null,
        1,
        0,
        0,
        null,
        null,
        1,
        0,
        0,
        null,
        null,
        1,
        3,
        null,
        null,
        1,
        0,
        0,
        null,
        null,
        null,
        null,
        1,
        0,
        null,
        0,
        null,
        0,
        0,
        0,
        null,
        0,
        null,
        null,
        null,
        null,
        null,
        1,
        0,
        0,
        null,
        null,
        null,
        1,
        0,
        0,
        null,
        null,
        1,
        null,
        1,
        0,
        null,
        null,
        null,
        1,
        0,
        null,
        null
      ],
      "/home/adam/Documents/projects/BinarApplication/app/models/message.rb": [
        1,
        1,
        1,
        null
      ],
      "/home/adam/Documents/projects/BinarApplication/app/models/post_event.rb": [
        1,
        1,
        1,
        1,
        1,
        1,
        1,
        1,
        1,
        null,
        1,
        1,
        null,
        1,
        0,
        null,
        null,
        null,
        1,
        19,
        7,
        7,
        0,
        null,
        null,
        null,
        null,
        null,
        1,
        19,
        7,
        7,
        1,
        null,
        null,
        null,
        null,
        null,
        null
      ],
      "/home/adam/Documents/projects/BinarApplication/app/models/form.rb": [
        0,
        null,
        0
      ],
      "/home/adam/Documents/projects/BinarApplication/app/controllers/navbar_controller.rb": [
        0,
        0,
        0,
        0
      ],
      "/home/adam/Documents/projects/BinarApplication/app/controllers/forms_controller.rb": [
        0,
        0,
        0,
        0,
        0,
        0,
        0,
        null,
        null,
        null,
        0
      ],
      "/home/adam/Documents/projects/BinarApplication/app/channels/application_cable/connection.rb": [
        0,
        0,
        0,
        0
      ],
      "/home/adam/Documents/projects/BinarApplication/app/channels/application_cable/channel.rb": [
        0,
        0,
        0,
        0
      ],
      "/home/adam/Documents/projects/BinarApplication/app/mailers/application_mailer.rb": [
        0,
        0,
        0,
        0
      ],
      "/home/adam/Documents/projects/BinarApplication/app/jobs/application_job.rb": [
        0,
        0
      ]
    },
    "timestamp": 1563868920
  }
}
